<?xml version="1.0" encoding="UTF-8"?>
<testng-results ignored="0" total="1" passed="1" failed="0" skipped="0">
  <reporter-output>
  </reporter-output>
  <suite started-at="2023-06-20T07:24:57Z" name="Default suite" finished-at="2023-06-20T07:25:15Z" duration-ms="17444">
    <groups>
    </groups>
    <test started-at="2023-06-20T07:24:57Z" name="Default test" finished-at="2023-06-20T07:25:15Z" duration-ms="17444">
      <class name="script.ValidLogin">
        <test-method is-config="true" signature="intReport(java.lang.String)[pri:0, instance:script.ValidLogin@dc7df28]" started-at="2023-06-20T07:24:56Z" name="intReport" finished-at="2023-06-20T07:24:57Z" duration-ms="672" status="PASS">
          <params>
            <param index="0">
              <value>
                <![CDATA[report/Spark.html]]>
              </value>
            </param>
          </params>
          <reporter-output>
          </reporter-output>
        </test-method> <!-- intReport -->
        <test-method is-config="true" signature="preCondition(java.lang.String, java.lang.String, java.lang.String, java.lang.reflect.Method)[pri:0, instance:script.ValidLogin@dc7df28]" started-at="2023-06-20T07:24:57Z" name="preCondition" finished-at="2023-06-20T07:25:13Z" duration-ms="16045" status="PASS">
          <params>
            <param index="0">
              <value>
                <![CDATA[https://demo.actitime.com/login.do]]>
              </value>
            </param>
            <param index="1">
              <value>
                <![CDATA[no]]>
              </value>
            </param>
            <param index="2">
              <value>
                <![CDATA[qa.properties]]>
              </value>
            </param>
            <param index="3">
              <value>
                <![CDATA[public void script.ValidLogin.testValidLogin() throws java.lang.InterruptedException]]>
              </value>
            </param>
          </params>
          <reporter-output>
          </reporter-output>
        </test-method> <!-- preCondition -->
        <test-method signature="testValidLogin()[pri:1, instance:script.ValidLogin@dc7df28]" started-at="2023-06-20T07:25:13Z" name="testValidLogin" finished-at="2023-06-20T07:25:14Z" duration-ms="932" status="PASS">
          <reporter-output>
          </reporter-output>
        </test-method> <!-- testValidLogin -->
        <test-method is-config="true" signature="postCondition(org.testng.ITestResult)[pri:0, instance:script.ValidLogin@dc7df28]" started-at="2023-06-20T07:25:14Z" name="postCondition" finished-at="2023-06-20T07:25:15Z" duration-ms="423" status="PASS">
          <params>
            <param index="0">
              <value>
                <![CDATA[[TestResult name=testValidLogin status=SUCCESS method=ValidLogin.testValidLogin()[pri:1, instance:script.ValidLogin@dc7df28] output={null}]]]>
              </value>
            </param>
          </params>
          <reporter-output>
          </reporter-output>
        </test-method> <!-- postCondition -->
        <test-method is-config="true" signature="generateReport()[pri:0, instance:script.ValidLogin@dc7df28]" started-at="2023-06-20T07:25:15Z" name="generateReport" finished-at="2023-06-20T07:25:15Z" duration-ms="547" status="PASS">
          <reporter-output>
          </reporter-output>
        </test-method> <!-- generateReport -->
      </class> <!-- script.ValidLogin -->
    </test> <!-- Default test -->
  </suite> <!-- Default suite -->
</testng-results>
